<?xml version="1.0" encoding="utf-8"?><testsuites name="pytest tests"><testsuite name="pytest" errors="0" failures="0" skipped="0" tests="4" time="0.024" timestamp="2026-02-19T16:04:28.152024-08:00" hostname="VRISHABHs-MacBook-Air.local"><testcase classname="test_math_utils" name="test_add" time="0.001" /><testcase classname="test_math_utils" name="test_subtract" time="0.000" /><testcase classname="test_math_utils" name="test_multiply" time="0.000" /><testcase classname="test_math_utils" name="test_divide" time="0.000" /></testsuite></testsuites>